Performing C SOURCE FILE Test CMAKE_HAVE_LIBC_PTHREAD failed with the following output:
Change Dir: /home/sechan/ardupilot_gazebo/build/CMakeFiles/CMakeTmp

Run Build Command(s):/usr/bin/make cmTC_6e1e3/fast && /usr/bin/make -f CMakeFiles/cmTC_6e1e3.dir/build.make CMakeFiles/cmTC_6e1e3.dir/build
make[1]: 디렉터리 '/home/sechan/ardupilot_gazebo/build/CMakeFiles/CMakeTmp' 들어감
Building C object CMakeFiles/cmTC_6e1e3.dir/src.c.o
/usr/lib/ccache/cc   -DCMAKE_HAVE_LIBC_PTHREAD   -o CMakeFiles/cmTC_6e1e3.dir/src.c.o   -c /home/sechan/ardupilot_gazebo/build/CMakeFiles/CMakeTmp/src.c
Linking C executable cmTC_6e1e3
/usr/bin/cmake -E cmake_link_script CMakeFiles/cmTC_6e1e3.dir/link.txt --verbose=1
/usr/lib/ccache/cc  -DCMAKE_HAVE_LIBC_PTHREAD    -rdynamic CMakeFiles/cmTC_6e1e3.dir/src.c.o  -o cmTC_6e1e3 
/usr/bin/ld: CMakeFiles/cmTC_6e1e3.dir/src.c.o: in function `main':
src.c:(.text+0x46): undefined reference to `pthread_create'
/usr/bin/ld: src.c:(.text+0x52): undefined reference to `pthread_detach'
/usr/bin/ld: src.c:(.text+0x63): undefined reference to `pthread_join'
collect2: error: ld returned 1 exit status
make[1]: *** [CMakeFiles/cmTC_6e1e3.dir/build.make:87: cmTC_6e1e3] 오류 1
make[1]: 디렉터리 '/home/sechan/ardupilot_gazebo/build/CMakeFiles/CMakeTmp' 나감
make: *** [Makefile:121: cmTC_6e1e3/fast] 오류 2


Source file was:
#include <pthread.h>

void* test_func(void* data)
{
  return data;
}

int main(void)
{
  pthread_t thread;
  pthread_create(&thread, NULL, test_func, NULL);
  pthread_detach(thread);
  pthread_join(thread, NULL);
  pthread_atfork(NULL, NULL, NULL);
  pthread_exit(NULL);

  return 0;
}

Determining if the function pthread_create exists in the pthreads failed with the following output:
Change Dir: /home/sechan/ardupilot_gazebo/build/CMakeFiles/CMakeTmp

Run Build Command(s):/usr/bin/make cmTC_c1a68/fast && /usr/bin/make -f CMakeFiles/cmTC_c1a68.dir/build.make CMakeFiles/cmTC_c1a68.dir/build
make[1]: 디렉터리 '/home/sechan/ardupilot_gazebo/build/CMakeFiles/CMakeTmp' 들어감
Building C object CMakeFiles/cmTC_c1a68.dir/CheckFunctionExists.c.o
/usr/lib/ccache/cc   -DCHECK_FUNCTION_EXISTS=pthread_create   -o CMakeFiles/cmTC_c1a68.dir/CheckFunctionExists.c.o   -c /usr/share/cmake-3.16/Modules/CheckFunctionExists.c
Linking C executable cmTC_c1a68
/usr/bin/cmake -E cmake_link_script CMakeFiles/cmTC_c1a68.dir/link.txt --verbose=1
/usr/lib/ccache/cc  -DCHECK_FUNCTION_EXISTS=pthread_create    -rdynamic CMakeFiles/cmTC_c1a68.dir/CheckFunctionExists.c.o  -o cmTC_c1a68  -lpthreads 
/usr/bin/ld: cannot find -lpthreads
collect2: error: ld returned 1 exit status
make[1]: *** [CMakeFiles/cmTC_c1a68.dir/build.make:87: cmTC_c1a68] 오류 1
make[1]: 디렉터리 '/home/sechan/ardupilot_gazebo/build/CMakeFiles/CMakeTmp' 나감
make: *** [Makefile:121: cmTC_c1a68/fast] 오류 2



